Started GET "/" for ::1 at 2016-07-11 20:38:53 +0100
  
ActiveRecord::NoDatabaseError (FATAL:  database "yelp_clone_development" does not exist
):
  
activerecord (5.0.0) lib/active_record/connection_adapters/postgresql_adapter.rb:675:in `rescue in connect'
activerecord (5.0.0) lib/active_record/connection_adapters/postgresql_adapter.rb:671:in `connect'
activerecord (5.0.0) lib/active_record/connection_adapters/postgresql_adapter.rb:217:in `initialize'
activerecord (5.0.0) lib/active_record/connection_adapters/postgresql_adapter.rb:37:in `new'
activerecord (5.0.0) lib/active_record/connection_adapters/postgresql_adapter.rb:37:in `postgresql_connection'
activerecord (5.0.0) lib/active_record/connection_adapters/abstract/connection_pool.rb:721:in `new_connection'
activerecord (5.0.0) lib/active_record/connection_adapters/abstract/connection_pool.rb:765:in `checkout_new_connection'
activerecord (5.0.0) lib/active_record/connection_adapters/abstract/connection_pool.rb:744:in `try_to_checkout_new_connection'
activerecord (5.0.0) lib/active_record/connection_adapters/abstract/connection_pool.rb:705:in `acquire_connection'
activerecord (5.0.0) lib/active_record/connection_adapters/abstract/connection_pool.rb:501:in `checkout'
activerecord (5.0.0) lib/active_record/connection_adapters/abstract/connection_pool.rb:364:in `connection'
activerecord (5.0.0) lib/active_record/connection_adapters/abstract/connection_pool.rb:875:in `retrieve_connection'
activerecord (5.0.0) lib/active_record/connection_handling.rb:128:in `retrieve_connection'
activerecord (5.0.0) lib/active_record/connection_handling.rb:91:in `connection'
activerecord (5.0.0) lib/active_record/migration.rb:558:in `connection'
activerecord (5.0.0) lib/active_record/migration.rb:545:in `call'
actionpack (5.0.0) lib/action_dispatch/middleware/callbacks.rb:38:in `block in call'
activesupport (5.0.0) lib/active_support/callbacks.rb:97:in `__run_callbacks__'
activesupport (5.0.0) lib/active_support/callbacks.rb:750:in `_run_call_callbacks'
activesupport (5.0.0) lib/active_support/callbacks.rb:90:in `run_callbacks'
actionpack (5.0.0) lib/action_dispatch/middleware/callbacks.rb:36:in `call'
actionpack (5.0.0) lib/action_dispatch/middleware/executor.rb:12:in `call'
actionpack (5.0.0) lib/action_dispatch/middleware/remote_ip.rb:79:in `call'
actionpack (5.0.0) lib/action_dispatch/middleware/debug_exceptions.rb:49:in `call'
web-console (3.3.1) lib/web_console/middleware.rb:131:in `call_app'
web-console (3.3.1) lib/web_console/middleware.rb:28:in `block in call'
web-console (3.3.1) lib/web_console/middleware.rb:18:in `catch'
web-console (3.3.1) lib/web_console/middleware.rb:18:in `call'
actionpack (5.0.0) lib/action_dispatch/middleware/show_exceptions.rb:31:in `call'
railties (5.0.0) lib/rails/rack/logger.rb:36:in `call_app'
railties (5.0.0) lib/rails/rack/logger.rb:24:in `block in call'
activesupport (5.0.0) lib/active_support/tagged_logging.rb:70:in `block in tagged'
activesupport (5.0.0) lib/active_support/tagged_logging.rb:26:in `tagged'
activesupport (5.0.0) lib/active_support/tagged_logging.rb:70:in `tagged'
railties (5.0.0) lib/rails/rack/logger.rb:24:in `call'
sprockets-rails (3.1.1) lib/sprockets/rails/quiet_assets.rb:13:in `call'
actionpack (5.0.0) lib/action_dispatch/middleware/request_id.rb:24:in `call'
rack (2.0.1) lib/rack/method_override.rb:22:in `call'
rack (2.0.1) lib/rack/runtime.rb:22:in `call'
activesupport (5.0.0) lib/active_support/cache/strategy/local_cache_middleware.rb:28:in `call'
actionpack (5.0.0) lib/action_dispatch/middleware/executor.rb:12:in `call'
actionpack (5.0.0) lib/action_dispatch/middleware/static.rb:136:in `call'
rack (2.0.1) lib/rack/sendfile.rb:111:in `call'
railties (5.0.0) lib/rails/engine.rb:522:in `call'
puma (3.4.0) lib/puma/configuration.rb:224:in `call'
puma (3.4.0) lib/puma/server.rb:569:in `handle_request'
puma (3.4.0) lib/puma/server.rb:406:in `process_client'
puma (3.4.0) lib/puma/server.rb:271:in `block in run'
puma (3.4.0) lib/puma/thread_pool.rb:114:in `block in spawn_thread'
  Rendering /Users/MichaelLo/.rvm/gems/ruby-2.3.0/gems/actionpack-5.0.0/lib/action_dispatch/middleware/templates/rescues/diagnostics.html.erb within rescues/layout
  Rendering /Users/MichaelLo/.rvm/gems/ruby-2.3.0/gems/actionpack-5.0.0/lib/action_dispatch/middleware/templates/rescues/_source.html.erb
  Rendered /Users/MichaelLo/.rvm/gems/ruby-2.3.0/gems/actionpack-5.0.0/lib/action_dispatch/middleware/templates/rescues/_source.html.erb (6.1ms)
  Rendering /Users/MichaelLo/.rvm/gems/ruby-2.3.0/gems/actionpack-5.0.0/lib/action_dispatch/middleware/templates/rescues/_trace.html.erb
  Rendered /Users/MichaelLo/.rvm/gems/ruby-2.3.0/gems/actionpack-5.0.0/lib/action_dispatch/middleware/templates/rescues/_trace.html.erb (1.5ms)
  Rendering /Users/MichaelLo/.rvm/gems/ruby-2.3.0/gems/actionpack-5.0.0/lib/action_dispatch/middleware/templates/rescues/_request_and_response.html.erb
  Rendered /Users/MichaelLo/.rvm/gems/ruby-2.3.0/gems/actionpack-5.0.0/lib/action_dispatch/middleware/templates/rescues/_request_and_response.html.erb (1.0ms)
  Rendered /Users/MichaelLo/.rvm/gems/ruby-2.3.0/gems/actionpack-5.0.0/lib/action_dispatch/middleware/templates/rescues/diagnostics.html.erb within rescues/layout (97.2ms)
Started GET "/" for ::1 at 2016-07-11 20:39:47 +0100
Processing by Rails::WelcomeController#index as HTML
  Parameters: {"internal"=>true}
  Rendering /Users/MichaelLo/.rvm/gems/ruby-2.3.0/gems/railties-5.0.0/lib/rails/templates/rails/welcome/index.html.erb
  Rendered /Users/MichaelLo/.rvm/gems/ruby-2.3.0/gems/railties-5.0.0/lib/rails/templates/rails/welcome/index.html.erb (4.0ms)
Completed 200 OK in 20ms (Views: 8.4ms | ActiveRecord: 0.0ms)


  [1m[35m (39.0ms)[0m  [1m[35mCREATE TABLE "schema_migrations" ("version" character varying PRIMARY KEY)[0m
  [1m[35m (20.3ms)[0m  [1m[35mCREATE TABLE "ar_internal_metadata" ("key" character varying PRIMARY KEY, "value" character varying, "created_at" timestamp NOT NULL, "updated_at" timestamp NOT NULL)[0m
  [1m[35m (13.0ms)[0m  [1m[34mSELECT pg_try_advisory_lock(8692138485699695145);[0m
  [1m[36mActiveRecord::SchemaMigration Load (6.7ms)[0m  [1m[34mSELECT "schema_migrations".* FROM "schema_migrations"[0m
  [1m[36mActiveRecord::InternalMetadata Load (5.9ms)[0m  [1m[34mSELECT  "ar_internal_metadata".* FROM "ar_internal_metadata" WHERE "ar_internal_metadata"."key" = $1 LIMIT $2[0m  [["key", :environment], ["LIMIT", 1]]
  [1m[35m (0.1ms)[0m  [1m[35mBEGIN[0m
  [1m[35mSQL (27.3ms)[0m  [1m[32mINSERT INTO "ar_internal_metadata" ("key", "value", "created_at", "updated_at") VALUES ($1, $2, $3, $4) RETURNING "key"[0m  [["key", "environment"], ["value", "development"], ["created_at", 2016-07-11 22:59:45 UTC], ["updated_at", 2016-07-11 22:59:45 UTC]]
  [1m[35m (0.5ms)[0m  [1m[35mCOMMIT[0m
  [1m[35m (0.2ms)[0m  [1m[34mSELECT pg_advisory_unlock(8692138485699695145)[0m
  [1m[36mActiveRecord::SchemaMigration Load (0.1ms)[0m  [1m[34mSELECT "schema_migrations".* FROM "schema_migrations"[0m
Started GET "/" for ::1 at 2016-07-12 13:59:13 +0100
  [1m[36mActiveRecord::SchemaMigration Load (22.7ms)[0m  [1m[34mSELECT "schema_migrations".* FROM "schema_migrations"[0m
  
ActiveRecord::PendingMigrationError (

Migrations are pending. To resolve this issue, run:

	bin/rails db:migrate RAILS_ENV=development

):
  
activerecord (5.0.0) lib/active_record/migration.rb:572:in `check_pending!'
activerecord (5.0.0) lib/active_record/migration.rb:548:in `call'
actionpack (5.0.0) lib/action_dispatch/middleware/callbacks.rb:38:in `block in call'
activesupport (5.0.0) lib/active_support/callbacks.rb:97:in `__run_callbacks__'
activesupport (5.0.0) lib/active_support/callbacks.rb:750:in `_run_call_callbacks'
activesupport (5.0.0) lib/active_support/callbacks.rb:90:in `run_callbacks'
actionpack (5.0.0) lib/action_dispatch/middleware/callbacks.rb:36:in `call'
actionpack (5.0.0) lib/action_dispatch/middleware/executor.rb:12:in `call'
actionpack (5.0.0) lib/action_dispatch/middleware/remote_ip.rb:79:in `call'
actionpack (5.0.0) lib/action_dispatch/middleware/debug_exceptions.rb:49:in `call'
web-console (3.3.1) lib/web_console/middleware.rb:131:in `call_app'
web-console (3.3.1) lib/web_console/middleware.rb:28:in `block in call'
web-console (3.3.1) lib/web_console/middleware.rb:18:in `catch'
web-console (3.3.1) lib/web_console/middleware.rb:18:in `call'
actionpack (5.0.0) lib/action_dispatch/middleware/show_exceptions.rb:31:in `call'
railties (5.0.0) lib/rails/rack/logger.rb:36:in `call_app'
railties (5.0.0) lib/rails/rack/logger.rb:24:in `block in call'
activesupport (5.0.0) lib/active_support/tagged_logging.rb:70:in `block in tagged'
activesupport (5.0.0) lib/active_support/tagged_logging.rb:26:in `tagged'
activesupport (5.0.0) lib/active_support/tagged_logging.rb:70:in `tagged'
railties (5.0.0) lib/rails/rack/logger.rb:24:in `call'
sprockets-rails (3.1.1) lib/sprockets/rails/quiet_assets.rb:13:in `call'
actionpack (5.0.0) lib/action_dispatch/middleware/request_id.rb:24:in `call'
rack (2.0.1) lib/rack/method_override.rb:22:in `call'
rack (2.0.1) lib/rack/runtime.rb:22:in `call'
activesupport (5.0.0) lib/active_support/cache/strategy/local_cache_middleware.rb:28:in `call'
actionpack (5.0.0) lib/action_dispatch/middleware/executor.rb:12:in `call'
actionpack (5.0.0) lib/action_dispatch/middleware/static.rb:136:in `call'
rack (2.0.1) lib/rack/sendfile.rb:111:in `call'
railties (5.0.0) lib/rails/engine.rb:522:in `call'
puma (3.4.0) lib/puma/configuration.rb:224:in `call'
puma (3.4.0) lib/puma/server.rb:569:in `handle_request'
puma (3.4.0) lib/puma/server.rb:406:in `process_client'
puma (3.4.0) lib/puma/server.rb:271:in `block in run'
puma (3.4.0) lib/puma/thread_pool.rb:114:in `block in spawn_thread'
  Rendering /Users/MichaelLo/.rvm/gems/ruby-2.3.0/gems/actionpack-5.0.0/lib/action_dispatch/middleware/templates/rescues/diagnostics.html.erb within rescues/layout
  Rendering /Users/MichaelLo/.rvm/gems/ruby-2.3.0/gems/actionpack-5.0.0/lib/action_dispatch/middleware/templates/rescues/_source.html.erb
  Rendered /Users/MichaelLo/.rvm/gems/ruby-2.3.0/gems/actionpack-5.0.0/lib/action_dispatch/middleware/templates/rescues/_source.html.erb (3.1ms)
  Rendering /Users/MichaelLo/.rvm/gems/ruby-2.3.0/gems/actionpack-5.0.0/lib/action_dispatch/middleware/templates/rescues/_trace.html.erb
  Rendered /Users/MichaelLo/.rvm/gems/ruby-2.3.0/gems/actionpack-5.0.0/lib/action_dispatch/middleware/templates/rescues/_trace.html.erb (2.0ms)
  Rendering /Users/MichaelLo/.rvm/gems/ruby-2.3.0/gems/actionpack-5.0.0/lib/action_dispatch/middleware/templates/rescues/_request_and_response.html.erb
  Rendered /Users/MichaelLo/.rvm/gems/ruby-2.3.0/gems/actionpack-5.0.0/lib/action_dispatch/middleware/templates/rescues/_request_and_response.html.erb (1.0ms)
  Rendered /Users/MichaelLo/.rvm/gems/ruby-2.3.0/gems/actionpack-5.0.0/lib/action_dispatch/middleware/templates/rescues/diagnostics.html.erb within rescues/layout (84.5ms)
  [1m[35m (0.4ms)[0m  [1m[34mSELECT pg_try_advisory_lock(8692138485699695145);[0m
  [1m[36mActiveRecord::SchemaMigration Load (0.4ms)[0m  [1m[34mSELECT "schema_migrations".* FROM "schema_migrations"[0m
Migrating to CreateRestaurants (20160712082008)
  [1m[35m (6.5ms)[0m  [1m[35mBEGIN[0m
  [1m[35m (42.1ms)[0m  [1m[35mCREATE TABLE "restaurants" ("id" serial primary key, "name" character varying, "rating" integer, "created_at" timestamp NOT NULL, "updated_at" timestamp NOT NULL)[0m
  [1m[35mSQL (24.1ms)[0m  [1m[32mINSERT INTO "schema_migrations" ("version") VALUES ($1) RETURNING "version"[0m  [["version", "20160712082008"]]
  [1m[35m (1.3ms)[0m  [1m[35mCOMMIT[0m
Migrating to AddDescriptionToRestaurants (20160712124233)
  [1m[35m (6.4ms)[0m  [1m[35mBEGIN[0m
  [1m[35m (18.6ms)[0m  [1m[35mALTER TABLE "restaurants" ADD "description" character varying[0m
  [1m[35mSQL (0.6ms)[0m  [1m[32mINSERT INTO "schema_migrations" ("version") VALUES ($1) RETURNING "version"[0m  [["version", "20160712124233"]]
  [1m[35m (0.3ms)[0m  [1m[35mCOMMIT[0m
  [1m[36mActiveRecord::InternalMetadata Load (1.3ms)[0m  [1m[34mSELECT  "ar_internal_metadata".* FROM "ar_internal_metadata" WHERE "ar_internal_metadata"."key" = $1 LIMIT $2[0m  [["key", :environment], ["LIMIT", 1]]
  [1m[35m (0.1ms)[0m  [1m[35mBEGIN[0m
  [1m[35m (0.1ms)[0m  [1m[35mCOMMIT[0m
  [1m[35m (0.2ms)[0m  [1m[34mSELECT pg_advisory_unlock(8692138485699695145)[0m
  [1m[36mActiveRecord::SchemaMigration Load (0.2ms)[0m  [1m[34mSELECT "schema_migrations".* FROM "schema_migrations"[0m
  [1m[35m (3.1ms)[0m  [1m[34mSELECT t2.oid::regclass::text AS to_table, a1.attname AS column, a2.attname AS primary_key, c.conname AS name, c.confupdtype AS on_update, c.confdeltype AS on_delete
FROM pg_constraint c
JOIN pg_class t1 ON c.conrelid = t1.oid
JOIN pg_class t2 ON c.confrelid = t2.oid
JOIN pg_attribute a1 ON a1.attnum = c.conkey[1] AND a1.attrelid = t1.oid
JOIN pg_attribute a2 ON a2.attnum = c.confkey[1] AND a2.attrelid = t2.oid
JOIN pg_namespace t3 ON c.connamespace = t3.oid
WHERE c.contype = 'f'
  AND t1.relname = 'restaurants'
  AND t3.nspname = ANY (current_schemas(false))
ORDER BY c.conname
[0m
Started GET "/" for ::1 at 2016-07-12 13:59:57 +0100
  [1m[36mActiveRecord::SchemaMigration Load (0.4ms)[0m  [1m[34mSELECT "schema_migrations".* FROM "schema_migrations"[0m
Processing by Rails::WelcomeController#index as */*
  Parameters: {"internal"=>true}
  Rendering /Users/MichaelLo/.rvm/gems/ruby-2.3.0/gems/railties-5.0.0/lib/rails/templates/rails/welcome/index.html.erb
  Rendered /Users/MichaelLo/.rvm/gems/ruby-2.3.0/gems/railties-5.0.0/lib/rails/templates/rails/welcome/index.html.erb (3.7ms)
Completed 200 OK in 49ms (Views: 22.7ms | ActiveRecord: 0.0ms)


Started GET "/" for ::1 at 2016-07-12 14:00:09 +0100
Processing by Rails::WelcomeController#index as */*
  Parameters: {"internal"=>true}
  Rendering /Users/MichaelLo/.rvm/gems/ruby-2.3.0/gems/railties-5.0.0/lib/rails/templates/rails/welcome/index.html.erb
  Rendered /Users/MichaelLo/.rvm/gems/ruby-2.3.0/gems/railties-5.0.0/lib/rails/templates/rails/welcome/index.html.erb (4.7ms)
Completed 200 OK in 58ms (Views: 32.1ms | ActiveRecord: 0.0ms)


Started GET "/" for ::1 at 2016-07-12 14:00:27 +0100
Processing by Rails::WelcomeController#index as HTML
  Parameters: {"internal"=>true}
  Rendering /Users/MichaelLo/.rvm/gems/ruby-2.3.0/gems/railties-5.0.0/lib/rails/templates/rails/welcome/index.html.erb
  Rendered /Users/MichaelLo/.rvm/gems/ruby-2.3.0/gems/railties-5.0.0/lib/rails/templates/rails/welcome/index.html.erb (3.2ms)
Completed 200 OK in 9ms (Views: 6.6ms | ActiveRecord: 0.0ms)


Started GET "/restaurants" for ::1 at 2016-07-12 14:00:40 +0100
Processing by RestaurantsController#index as HTML
  Rendering restaurants/index.html.erb within layouts/application
  [1m[35m (6.7ms)[0m  [1m[34mSELECT COUNT(*) FROM "restaurants"[0m
  Rendered restaurants/index.html.erb within layouts/application (19.0ms)
Completed 200 OK in 418ms (Views: 404.8ms | ActiveRecord: 7.9ms)


Started GET "/restaurants" for ::1 at 2016-07-12 14:00:47 +0100
Processing by RestaurantsController#index as */*
  Rendering restaurants/index.html.erb within layouts/application
  [1m[35m (0.6ms)[0m  [1m[34mSELECT COUNT(*) FROM "restaurants"[0m
  Rendered restaurants/index.html.erb within layouts/application (2.3ms)
Completed 200 OK in 84ms (Views: 66.3ms | ActiveRecord: 0.6ms)


Started GET "/" for ::1 at 2016-07-12 14:12:13 +0100
Processing by Rails::WelcomeController#index as HTML
  Parameters: {"internal"=>true}
  Rendering /Users/MichaelLo/.rvm/gems/ruby-2.3.0/gems/railties-5.0.0/lib/rails/templates/rails/welcome/index.html.erb
  Rendered /Users/MichaelLo/.rvm/gems/ruby-2.3.0/gems/railties-5.0.0/lib/rails/templates/rails/welcome/index.html.erb (3.4ms)
Completed 200 OK in 11ms (Views: 5.5ms | ActiveRecord: 0.0ms)


Started GET "/restaurants" for ::1 at 2016-07-12 14:12:18 +0100
Processing by RestaurantsController#index as HTML
  Rendering restaurants/index.html.erb within layouts/application
  [1m[35m (0.4ms)[0m  [1m[34mSELECT COUNT(*) FROM "restaurants"[0m
  Rendered restaurants/index.html.erb within layouts/application (1.7ms)
Completed 200 OK in 34ms (Views: 31.5ms | ActiveRecord: 0.4ms)


Started GET "/restaurants/new" for ::1 at 2016-07-12 14:12:19 +0100
Processing by RestaurantsController#new as HTML
  Rendering restaurants/new.html.erb within layouts/application
  Rendered restaurants/new.html.erb within layouts/application (23.3ms)
Completed 200 OK in 75ms (Views: 60.6ms | ActiveRecord: 3.8ms)


Started POST "/restaurants" for ::1 at 2016-07-12 14:12:27 +0100
Processing by RestaurantsController#create as HTML
  Parameters: {"utf8"=>"✓", "authenticity_token"=>"6Ys943GClaVdFAi6FLGbbdBFoVPkwWnxyKkrVESSmc4swOeJRjjOaxyF/F0W582h+QQIjqcHCCzKY/+797UIAw==", "restaurant"=>{"name"=>"joe's", "description"=>"pizza "}, "commit"=>"Create Restaurant"}
  [1m[35m (0.2ms)[0m  [1m[35mBEGIN[0m
  [1m[35mSQL (7.7ms)[0m  [1m[32mINSERT INTO "restaurants" ("name", "created_at", "updated_at", "description") VALUES ($1, $2, $3, $4) RETURNING "id"[0m  [["name", "joe's"], ["created_at", 2016-07-12 13:12:27 UTC], ["updated_at", 2016-07-12 13:12:27 UTC], ["description", "pizza "]]
  [1m[35m (11.8ms)[0m  [1m[35mCOMMIT[0m
Redirected to http://localhost:3000/restaurants
Completed 302 Found in 28ms (ActiveRecord: 19.7ms)


Started GET "/restaurants" for ::1 at 2016-07-12 14:12:27 +0100
Processing by RestaurantsController#index as HTML
  Rendering restaurants/index.html.erb within layouts/application
  [1m[35m (0.7ms)[0m  [1m[34mSELECT COUNT(*) FROM "restaurants"[0m
  [1m[36mRestaurant Load (0.2ms)[0m  [1m[34mSELECT "restaurants".* FROM "restaurants"[0m
  Rendered restaurants/index.html.erb within layouts/application (3.6ms)
Completed 200 OK in 33ms (Views: 30.6ms | ActiveRecord: 0.9ms)


  [1m[35m (0.1ms)[0m  [1m[34mSELECT pg_try_advisory_lock(8692138485699695145);[0m
  [1m[36mActiveRecord::SchemaMigration Load (0.4ms)[0m  [1m[34mSELECT "schema_migrations".* FROM "schema_migrations"[0m
  [1m[36mActiveRecord::InternalMetadata Load (0.3ms)[0m  [1m[34mSELECT  "ar_internal_metadata".* FROM "ar_internal_metadata" WHERE "ar_internal_metadata"."key" = $1 LIMIT $2[0m  [["key", :environment], ["LIMIT", 1]]
  [1m[35m (0.1ms)[0m  [1m[35mBEGIN[0m
  [1m[35m (0.1ms)[0m  [1m[35mCOMMIT[0m
  [1m[35m (0.2ms)[0m  [1m[34mSELECT pg_advisory_unlock(8692138485699695145)[0m
  [1m[36mActiveRecord::SchemaMigration Load (0.1ms)[0m  [1m[34mSELECT "schema_migrations".* FROM "schema_migrations"[0m
  [1m[35m (2.0ms)[0m  [1m[34mSELECT t2.oid::regclass::text AS to_table, a1.attname AS column, a2.attname AS primary_key, c.conname AS name, c.confupdtype AS on_update, c.confdeltype AS on_delete
FROM pg_constraint c
JOIN pg_class t1 ON c.conrelid = t1.oid
JOIN pg_class t2 ON c.confrelid = t2.oid
JOIN pg_attribute a1 ON a1.attnum = c.conkey[1] AND a1.attrelid = t1.oid
JOIN pg_attribute a2 ON a2.attnum = c.confkey[1] AND a2.attrelid = t2.oid
JOIN pg_namespace t3 ON c.connamespace = t3.oid
WHERE c.contype = 'f'
  AND t1.relname = 'restaurants'
  AND t3.nspname = ANY (current_schemas(false))
ORDER BY c.conname
[0m
  [1m[36mActiveRecord::SchemaMigration Load (0.5ms)[0m  [1m[34mSELECT "schema_migrations".* FROM "schema_migrations"[0m
Processing by RestaurantsController#create as HTML
Completed 400 Bad Request in 1ms (ActiveRecord: 0.0ms)


  [1m[35m (0.1ms)[0m  [1m[35mBEGIN[0m
Started GET "/restaurants" for 127.0.0.1 at 2016-07-12 15:00:25 +0100
  [1m[36mActiveRecord::SchemaMigration Load (0.2ms)[0m  [1m[34mSELECT "schema_migrations".* FROM "schema_migrations"[0m
Processing by RestaurantsController#index as HTML
  Rendering restaurants/index.html.erb within layouts/application
  [1m[35m (0.3ms)[0m  [1m[34mSELECT COUNT(*) FROM "restaurants"[0m
  [1m[36mRestaurant Load (0.2ms)[0m  [1m[34mSELECT "restaurants".* FROM "restaurants"[0m
  Rendered restaurants/index.html.erb within layouts/application (22.9ms)
Completed 200 OK in 371ms (Views: 352.1ms | ActiveRecord: 9.1ms)


  [1m[35m (0.2ms)[0m  [1m[31mROLLBACK[0m
  [1m[35m (0.1ms)[0m  [1m[35mBEGIN[0m
Started GET "/restaurants" for 127.0.0.1 at 2016-07-12 15:00:25 +0100
Processing by RestaurantsController#index as HTML
  Rendering restaurants/index.html.erb within layouts/application
  [1m[35m (0.2ms)[0m  [1m[34mSELECT COUNT(*) FROM "restaurants"[0m
  [1m[36mRestaurant Load (0.1ms)[0m  [1m[34mSELECT "restaurants".* FROM "restaurants"[0m
  Rendered restaurants/index.html.erb within layouts/application (1.7ms)
Completed 200 OK in 18ms (Views: 15.8ms | ActiveRecord: 0.4ms)


  [1m[35m (0.3ms)[0m  [1m[31mROLLBACK[0m
  [1m[35m (0.1ms)[0m  [1m[35mBEGIN[0m
Started GET "/restaurants/new" for 127.0.0.1 at 2016-07-12 15:00:25 +0100
Processing by RestaurantsController#new as HTML
  Rendering restaurants/new.html.erb within layouts/application
  Rendered restaurants/new.html.erb within layouts/application (45.6ms)
Completed 200 OK in 63ms (Views: 62.0ms | ActiveRecord: 0.0ms)


Started POST "/restaurants" for 127.0.0.1 at 2016-07-12 15:00:25 +0100
Processing by RestaurantsController#create as HTML
  Parameters: {"utf8"=>"✓", "authenticity_token"=>"R2EXUXmmYx0w0nOiuUdwv+fEUzXUZsZ5ipd9VavNNsdnsiln9L0QpYLLuM5RQUP7sbmkV5Xpa58I9vmKg3ltjw==", "restaurant"=>{"name"=>"American Diner", "description"=>"Great cheese burgers"}, "commit"=>"Create Restaurant"}
  [1m[35m (0.2ms)[0m  [1m[35mSAVEPOINT active_record_1[0m
  [1m[35mSQL (7.2ms)[0m  [1m[32mINSERT INTO "restaurants" ("name", "created_at", "updated_at", "description") VALUES ($1, $2, $3, $4) RETURNING "id"[0m  [["name", "American Diner"], ["created_at", 2016-07-12 14:00:25 UTC], ["updated_at", 2016-07-12 14:00:25 UTC], ["description", "Great cheese burgers"]]
  [1m[35m (0.1ms)[0m  [1m[35mRELEASE SAVEPOINT active_record_1[0m
Redirected to http://www.example.com/restaurants
Completed 302 Found in 14ms (ActiveRecord: 7.5ms)


Started GET "/restaurants" for 127.0.0.1 at 2016-07-12 15:00:25 +0100
Processing by RestaurantsController#index as HTML
  Rendering restaurants/index.html.erb within layouts/application
  [1m[35m (0.2ms)[0m  [1m[34mSELECT COUNT(*) FROM "restaurants"[0m
  [1m[36mRestaurant Load (0.2ms)[0m  [1m[34mSELECT "restaurants".* FROM "restaurants"[0m
  Rendered restaurants/index.html.erb within layouts/application (2.2ms)
Completed 200 OK in 23ms (Views: 20.7ms | ActiveRecord: 0.5ms)


  [1m[35m (0.2ms)[0m  [1m[31mROLLBACK[0m
  [1m[35m (0.1ms)[0m  [1m[35mBEGIN[0m
  [1m[35m (0.1ms)[0m  [1m[35mSAVEPOINT active_record_1[0m
  [1m[35mSQL (0.2ms)[0m  [1m[32mINSERT INTO "restaurants" ("created_at", "updated_at") VALUES ($1, $2) RETURNING "id"[0m  [["created_at", 2016-07-12 14:00:25 UTC], ["updated_at", 2016-07-12 14:00:25 UTC]]
  [1m[35m (0.1ms)[0m  [1m[35mRELEASE SAVEPOINT active_record_1[0m
  [1m[35m (0.2ms)[0m  [1m[31mROLLBACK[0m
  [1m[35m (0.1ms)[0m  [1m[35mBEGIN[0m
  [1m[35m (0.1ms)[0m  [1m[35mSAVEPOINT active_record_1[0m
  [1m[35mSQL (0.2ms)[0m  [1m[32mINSERT INTO "restaurants" ("name", "created_at", "updated_at") VALUES ($1, $2, $3) RETURNING "id"[0m  [["name", "KFC"], ["created_at", 2016-07-12 14:00:25 UTC], ["updated_at", 2016-07-12 14:00:25 UTC]]
  [1m[35m (0.1ms)[0m  [1m[35mRELEASE SAVEPOINT active_record_1[0m
  [1m[35m (0.2ms)[0m  [1m[31mROLLBACK[0m
  [1m[35m (0.1ms)[0m  [1m[35mBEGIN[0m
  [1m[35m (0.1ms)[0m  [1m[35mSAVEPOINT active_record_1[0m
  [1m[35mSQL (0.2ms)[0m  [1m[32mINSERT INTO "restaurants" ("created_at", "updated_at", "description") VALUES ($1, $2, $3) RETURNING "id"[0m  [["created_at", 2016-07-12 14:00:25 UTC], ["updated_at", 2016-07-12 14:00:25 UTC], ["description", "chicken"]]
  [1m[35m (0.1ms)[0m  [1m[35mRELEASE SAVEPOINT active_record_1[0m
  [1m[35m (0.1ms)[0m  [1m[31mROLLBACK[0m
  [1m[35m (0.1ms)[0m  [1m[35mBEGIN[0m
  Rendering restaurants/index.html.erb
  Rendered restaurants/index.html.erb (0.7ms)
  [1m[35m (0.1ms)[0m  [1m[31mROLLBACK[0m
  [1m[35m (0.1ms)[0m  [1m[35mBEGIN[0m
  Rendering restaurants/index.html.erb
  Rendered restaurants/index.html.erb (0.2ms)
  [1m[35m (0.1ms)[0m  [1m[31mROLLBACK[0m
  [1m[36mActiveRecord::SchemaMigration Load (0.4ms)[0m  [1m[34mSELECT "schema_migrations".* FROM "schema_migrations"[0m
Processing by RestaurantsController#create as HTML
Completed 400 Bad Request in 0ms (ActiveRecord: 0.0ms)


  [1m[35m (0.1ms)[0m  [1m[35mBEGIN[0m
Started GET "/restaurants" for 127.0.0.1 at 2016-07-12 15:00:51 +0100
  [1m[36mActiveRecord::SchemaMigration Load (0.6ms)[0m  [1m[34mSELECT "schema_migrations".* FROM "schema_migrations"[0m
Processing by RestaurantsController#index as HTML
  Rendering restaurants/index.html.erb within layouts/application
  [1m[35m (0.3ms)[0m  [1m[34mSELECT COUNT(*) FROM "restaurants"[0m
  [1m[36mRestaurant Load (0.2ms)[0m  [1m[34mSELECT "restaurants".* FROM "restaurants"[0m
  Rendered restaurants/index.html.erb within layouts/application (20.8ms)
Completed 200 OK in 247ms (Views: 233.0ms | ActiveRecord: 4.5ms)


  [1m[35m (0.2ms)[0m  [1m[31mROLLBACK[0m
  [1m[35m (0.1ms)[0m  [1m[35mBEGIN[0m
Started GET "/restaurants" for 127.0.0.1 at 2016-07-12 15:00:51 +0100
Processing by RestaurantsController#index as HTML
  Rendering restaurants/index.html.erb within layouts/application
  [1m[35m (0.3ms)[0m  [1m[34mSELECT COUNT(*) FROM "restaurants"[0m
  [1m[36mRestaurant Load (0.2ms)[0m  [1m[34mSELECT "restaurants".* FROM "restaurants"[0m
  Rendered restaurants/index.html.erb within layouts/application (2.1ms)
Completed 200 OK in 22ms (Views: 19.9ms | ActiveRecord: 0.5ms)


  [1m[35m (0.2ms)[0m  [1m[31mROLLBACK[0m
  [1m[35m (0.1ms)[0m  [1m[35mBEGIN[0m
Started GET "/restaurants/new" for 127.0.0.1 at 2016-07-12 15:00:51 +0100
Processing by RestaurantsController#new as HTML
  Rendering restaurants/new.html.erb within layouts/application
  Rendered restaurants/new.html.erb within layouts/application (42.3ms)
Completed 200 OK in 61ms (Views: 59.9ms | ActiveRecord: 0.0ms)


Started POST "/restaurants" for 127.0.0.1 at 2016-07-12 15:00:51 +0100
Processing by RestaurantsController#create as HTML
  Parameters: {"utf8"=>"✓", "authenticity_token"=>"DY8ickvQDxFKaV7rFXWXPiRsXXCJmkr9dDfr450IhCwFuTycFyKW/d/hs7YvgI+y+X/1TW7TBtMor35N84HNJA==", "restaurant"=>{"name"=>"American Diner", "description"=>"Great cheese burgers"}, "commit"=>"Create Restaurant"}
  [1m[35m (0.1ms)[0m  [1m[35mSAVEPOINT active_record_1[0m
  [1m[35mSQL (0.5ms)[0m  [1m[32mINSERT INTO "restaurants" ("name", "created_at", "updated_at", "description") VALUES ($1, $2, $3, $4) RETURNING "id"[0m  [["name", "American Diner"], ["created_at", 2016-07-12 14:00:52 UTC], ["updated_at", 2016-07-12 14:00:52 UTC], ["description", "Great cheese burgers"]]
  [1m[35m (0.1ms)[0m  [1m[35mRELEASE SAVEPOINT active_record_1[0m
Redirected to http://www.example.com/restaurants
Completed 302 Found in 7ms (ActiveRecord: 0.6ms)


Started GET "/restaurants" for 127.0.0.1 at 2016-07-12 15:00:52 +0100
Processing by RestaurantsController#index as HTML
  Rendering restaurants/index.html.erb within layouts/application
  [1m[35m (0.2ms)[0m  [1m[34mSELECT COUNT(*) FROM "restaurants"[0m
  [1m[36mRestaurant Load (0.1ms)[0m  [1m[34mSELECT "restaurants".* FROM "restaurants"[0m
  Rendered restaurants/index.html.erb within layouts/application (1.8ms)
Completed 200 OK in 20ms (Views: 18.5ms | ActiveRecord: 0.4ms)


  [1m[35m (0.2ms)[0m  [1m[31mROLLBACK[0m
  [1m[35m (0.1ms)[0m  [1m[35mBEGIN[0m
  [1m[35m (0.1ms)[0m  [1m[35mSAVEPOINT active_record_1[0m
  [1m[35mSQL (0.2ms)[0m  [1m[32mINSERT INTO "restaurants" ("created_at", "updated_at") VALUES ($1, $2) RETURNING "id"[0m  [["created_at", 2016-07-12 14:00:52 UTC], ["updated_at", 2016-07-12 14:00:52 UTC]]
  [1m[35m (0.1ms)[0m  [1m[35mRELEASE SAVEPOINT active_record_1[0m
  [1m[35m (0.1ms)[0m  [1m[31mROLLBACK[0m
  [1m[35m (0.1ms)[0m  [1m[35mBEGIN[0m
  [1m[35m (0.1ms)[0m  [1m[35mSAVEPOINT active_record_1[0m
  [1m[35mSQL (0.2ms)[0m  [1m[32mINSERT INTO "restaurants" ("name", "created_at", "updated_at") VALUES ($1, $2, $3) RETURNING "id"[0m  [["name", "KFC"], ["created_at", 2016-07-12 14:00:52 UTC], ["updated_at", 2016-07-12 14:00:52 UTC]]
  [1m[35m (0.1ms)[0m  [1m[35mRELEASE SAVEPOINT active_record_1[0m
  [1m[35m (0.2ms)[0m  [1m[31mROLLBACK[0m
  [1m[35m (0.1ms)[0m  [1m[35mBEGIN[0m
  [1m[35m (0.1ms)[0m  [1m[35mSAVEPOINT active_record_1[0m
  [1m[35mSQL (0.3ms)[0m  [1m[32mINSERT INTO "restaurants" ("created_at", "updated_at", "description") VALUES ($1, $2, $3) RETURNING "id"[0m  [["created_at", 2016-07-12 14:00:52 UTC], ["updated_at", 2016-07-12 14:00:52 UTC], ["description", "chicken"]]
  [1m[35m (0.1ms)[0m  [1m[35mRELEASE SAVEPOINT active_record_1[0m
  [1m[35m (0.2ms)[0m  [1m[31mROLLBACK[0m
  [1m[35m (0.1ms)[0m  [1m[35mBEGIN[0m
  Rendering restaurants/index.html.erb
  Rendered restaurants/index.html.erb (0.7ms)
  [1m[35m (0.1ms)[0m  [1m[31mROLLBACK[0m
  [1m[35m (0.2ms)[0m  [1m[35mBEGIN[0m
  Rendering restaurants/index.html.erb
  Rendered restaurants/index.html.erb (0.2ms)
  [1m[35m (0.1ms)[0m  [1m[31mROLLBACK[0m
Started GET "/" for ::1 at 2016-07-12 15:12:18 +0100
  [1m[36mActiveRecord::SchemaMigration Load (0.5ms)[0m  [1m[34mSELECT "schema_migrations".* FROM "schema_migrations"[0m
Processing by Rails::WelcomeController#index as HTML
  Parameters: {"internal"=>true}
  Rendering /Users/MichaelLo/.rvm/gems/ruby-2.3.0/gems/railties-5.0.0/lib/rails/templates/rails/welcome/index.html.erb
  Rendered /Users/MichaelLo/.rvm/gems/ruby-2.3.0/gems/railties-5.0.0/lib/rails/templates/rails/welcome/index.html.erb (4.2ms)
Completed 200 OK in 22ms (Views: 11.0ms | ActiveRecord: 0.0ms)


Started GET "/restaurants" for ::1 at 2016-07-12 15:12:25 +0100
Processing by RestaurantsController#index as HTML
  Rendering restaurants/index.html.erb within layouts/application
  [1m[35m (0.3ms)[0m  [1m[34mSELECT COUNT(*) FROM "restaurants"[0m
  [1m[36mRestaurant Load (0.2ms)[0m  [1m[34mSELECT "restaurants".* FROM "restaurants"[0m
  Rendered restaurants/index.html.erb within layouts/application (17.3ms)
Completed 200 OK in 249ms (Views: 241.2ms | ActiveRecord: 3.8ms)


Started GET "/restaurants/new" for ::1 at 2016-07-12 15:12:37 +0100
Processing by RestaurantsController#new as HTML
  Rendering restaurants/new.html.erb within layouts/application
  Rendered restaurants/new.html.erb within layouts/application (20.2ms)
Completed 200 OK in 42ms (Views: 40.0ms | ActiveRecord: 0.0ms)


Started POST "/restaurants" for ::1 at 2016-07-12 15:12:39 +0100
Processing by RestaurantsController#create as HTML
  Parameters: {"utf8"=>"✓", "authenticity_token"=>"y+vL7LxGx0jFC+ODNQNCgfkv3r2Gm5tYoZJKYVeoRQYOoBGGi/ychoSaF2Q3VRRN0G53YMVd+oWjWJ6O5I/Uyw==", "restaurant"=>{"name"=>"", "description"=>""}, "commit"=>"Create Restaurant"}
Completed 500 Internal Server Error in 1ms (ActiveRecord: 0.0ms)


  
TypeError (exception class/object expected):
  
app/controllers/restaurants_controller.rb:14:in `raise'
app/controllers/restaurants_controller.rb:14:in `create'
  Rendering /Users/MichaelLo/.rvm/gems/ruby-2.3.0/gems/actionpack-5.0.0/lib/action_dispatch/middleware/templates/rescues/diagnostics.html.erb within rescues/layout
  Rendering /Users/MichaelLo/.rvm/gems/ruby-2.3.0/gems/actionpack-5.0.0/lib/action_dispatch/middleware/templates/rescues/_source.html.erb
  Rendered /Users/MichaelLo/.rvm/gems/ruby-2.3.0/gems/actionpack-5.0.0/lib/action_dispatch/middleware/templates/rescues/_source.html.erb (2.6ms)
  Rendering /Users/MichaelLo/.rvm/gems/ruby-2.3.0/gems/actionpack-5.0.0/lib/action_dispatch/middleware/templates/rescues/_trace.html.erb
  Rendered /Users/MichaelLo/.rvm/gems/ruby-2.3.0/gems/actionpack-5.0.0/lib/action_dispatch/middleware/templates/rescues/_trace.html.erb (1.6ms)
  Rendering /Users/MichaelLo/.rvm/gems/ruby-2.3.0/gems/actionpack-5.0.0/lib/action_dispatch/middleware/templates/rescues/_request_and_response.html.erb
  Rendered /Users/MichaelLo/.rvm/gems/ruby-2.3.0/gems/actionpack-5.0.0/lib/action_dispatch/middleware/templates/rescues/_request_and_response.html.erb (1.4ms)
  Rendered /Users/MichaelLo/.rvm/gems/ruby-2.3.0/gems/actionpack-5.0.0/lib/action_dispatch/middleware/templates/rescues/diagnostics.html.erb within rescues/layout (58.7ms)
Started GET "/" for ::1 at 2016-07-12 15:33:26 +0100
  [1m[36mActiveRecord::SchemaMigration Load (0.5ms)[0m  [1m[34mSELECT "schema_migrations".* FROM "schema_migrations"[0m
Processing by Rails::WelcomeController#index as HTML
  Parameters: {"internal"=>true}
  Rendering /Users/MichaelLo/.rvm/gems/ruby-2.3.0/gems/railties-5.0.0/lib/rails/templates/rails/welcome/index.html.erb
  Rendered /Users/MichaelLo/.rvm/gems/ruby-2.3.0/gems/railties-5.0.0/lib/rails/templates/rails/welcome/index.html.erb (4.0ms)
Completed 200 OK in 23ms (Views: 10.4ms | ActiveRecord: 0.0ms)


Started GET "/restaurants" for ::1 at 2016-07-12 15:33:36 +0100
Processing by RestaurantsController#index as HTML
  Rendering restaurants/index.html.erb within layouts/application
  [1m[35m (0.4ms)[0m  [1m[34mSELECT COUNT(*) FROM "restaurants"[0m
  [1m[36mRestaurant Load (0.2ms)[0m  [1m[34mSELECT "restaurants".* FROM "restaurants"[0m
  Rendered restaurants/index.html.erb within layouts/application (19.8ms)
Completed 200 OK in 263ms (Views: 253.1ms | ActiveRecord: 4.8ms)


Started GET "/restaurants/new" for ::1 at 2016-07-12 15:33:40 +0100
Processing by RestaurantsController#new as HTML
  Rendering restaurants/new.html.erb within layouts/application
  Rendered restaurants/new.html.erb within layouts/application (20.5ms)
Completed 200 OK in 39ms (Views: 37.1ms | ActiveRecord: 0.0ms)


Started POST "/restaurants" for ::1 at 2016-07-12 15:33:47 +0100
Processing by RestaurantsController#create as HTML
  Parameters: {"utf8"=>"✓", "authenticity_token"=>"yRD6BN1obYBX8jRM7prHTQ8avB5nysiEdi/Cxd0i0PsMWyBu6tI2ThZjwKvszJGBJlsVwyQMqVl05RYqbgVBNg==", "restaurant"=>{"name"=>"hey", "description"=>"you"}, "commit"=>"Create Restaurant"}
Completed 500 Internal Server Error in 2ms (ActiveRecord: 0.0ms)


  
TypeError (exception class/object expected):
  
app/controllers/restaurants_controller.rb:14:in `raise'
app/controllers/restaurants_controller.rb:14:in `create'
  Rendering /Users/MichaelLo/.rvm/gems/ruby-2.3.0/gems/actionpack-5.0.0/lib/action_dispatch/middleware/templates/rescues/diagnostics.html.erb within rescues/layout
  Rendering /Users/MichaelLo/.rvm/gems/ruby-2.3.0/gems/actionpack-5.0.0/lib/action_dispatch/middleware/templates/rescues/_source.html.erb
  Rendered /Users/MichaelLo/.rvm/gems/ruby-2.3.0/gems/actionpack-5.0.0/lib/action_dispatch/middleware/templates/rescues/_source.html.erb (2.7ms)
  Rendering /Users/MichaelLo/.rvm/gems/ruby-2.3.0/gems/actionpack-5.0.0/lib/action_dispatch/middleware/templates/rescues/_trace.html.erb
  Rendered /Users/MichaelLo/.rvm/gems/ruby-2.3.0/gems/actionpack-5.0.0/lib/action_dispatch/middleware/templates/rescues/_trace.html.erb (1.4ms)
  Rendering /Users/MichaelLo/.rvm/gems/ruby-2.3.0/gems/actionpack-5.0.0/lib/action_dispatch/middleware/templates/rescues/_request_and_response.html.erb
  Rendered /Users/MichaelLo/.rvm/gems/ruby-2.3.0/gems/actionpack-5.0.0/lib/action_dispatch/middleware/templates/rescues/_request_and_response.html.erb (1.2ms)
  Rendered /Users/MichaelLo/.rvm/gems/ruby-2.3.0/gems/actionpack-5.0.0/lib/action_dispatch/middleware/templates/rescues/diagnostics.html.erb within rescues/layout (58.3ms)
